<?xml version="1.0" encoding="UTF-8"?>
<coverage generated="1649340035989" clover="3.2.0">
  <project timestamp="1649340035989" name="All files">
    <metrics statements="17" coveredstatements="16" conditionals="7" coveredconditionals="6" methods="5" coveredmethods="5" elements="29" coveredelements="27" complexity="0" loc="17" ncloc="17" packages="1" files="5" classes="5"/>
    <file name="all.js" path="D:\My_All_Work\elzero web school\front end developer\unitTesting-Jest\training\one\all.js">
      <metrics statements="2" coveredstatements="2" conditionals="0" coveredconditionals="0" methods="0" coveredmethods="0"/>
      <line num="1" count="1" type="stmt"/>
      <line num="3" count="1" type="stmt"/>
    </file>
    <file name="input.js" path="D:\My_All_Work\elzero web school\front end developer\unitTesting-Jest\training\one\input.js">
      <metrics statements="9" coveredstatements="8" conditionals="7" coveredconditionals="6" methods="1" coveredmethods="1"/>
      <line num="10" count="4" type="stmt"/>
      <line num="11" count="4" type="cond" truecount="2" falsecount="0"/>
      <line num="12" count="1" type="stmt"/>
      <line num="14" count="4" type="cond" truecount="2" falsecount="0"/>
      <line num="15" count="1" type="stmt"/>
      <line num="17" count="4" type="cond" truecount="1" falsecount="1"/>
      <line num="18" count="0" type="stmt"/>
      <line num="20" count="4" type="stmt"/>
      <line num="23" count="1" type="stmt"/>
    </file>
    <file name="mock.js" path="D:\My_All_Work\elzero web school\front end developer\unitTesting-Jest\training\one\mock.js">
      <metrics statements="2" coveredstatements="2" conditionals="0" coveredconditionals="0" methods="1" coveredmethods="1"/>
      <line num="2" count="1" type="stmt"/>
      <line num="5" count="1" type="stmt"/>
    </file>
    <file name="say.js" path="D:\My_All_Work\elzero web school\front end developer\unitTesting-Jest\training\one\say.js">
      <metrics statements="2" coveredstatements="2" conditionals="0" coveredconditionals="0" methods="1" coveredmethods="1"/>
      <line num="2" count="1" type="stmt"/>
      <line num="5" count="1" type="stmt"/>
    </file>
    <file name="sum.js" path="D:\My_All_Work\elzero web school\front end developer\unitTesting-Jest\training\one\sum.js">
      <metrics statements="2" coveredstatements="2" conditionals="0" coveredconditionals="0" methods="2" coveredmethods="2"/>
      <line num="1" count="5" type="stmt"/>
      <line num="3" count="1" type="stmt"/>
    </file>
  </project>
</coverage>
