{"D:\\My_All_Work\\elzero web school\\front end developer\\unitTesting-Jest\\training\\one\\all.js": {"path":"D:\\My_All_Work\\elzero web school\\front end developer\\unitTesting-Jest\\training\\one\\all.js","statementMap":{"0":{"start":{"line":1,"column":15},"end":{"line":1,"column":30}},"1":{"start":{"line":3,"column":0},"end":{"line":3,"column":24}}},"fnMap":{},"branchMap":{},"s":{"0":1,"1":1},"f":{},"b":{},"_coverageSchema":"1a1c01bbd47fc00a2c39e90264f33305004495a9","hash":"2c17f90d5fbcc044325b7419e777ad57de2a4214"}
,"D:\\My_All_Work\\elzero web school\\front end developer\\unitTesting-Jest\\training\\one\\input.js": {"path":"D:\\My_All_Work\\elzero web school\\front end developer\\unitTesting-Jest\\training\\one\\input.js","statementMap":{"0":{"start":{"line":10,"column":4},"end":{"line":10,"column":22}},"1":{"start":{"line":11,"column":4},"end":{"line":13,"column":5}},"2":{"start":{"line":12,"column":8},"end":{"line":12,"column":37}},"3":{"start":{"line":14,"column":4},"end":{"line":16,"column":5}},"4":{"start":{"line":15,"column":8},"end":{"line":15,"column":33}},"5":{"start":{"line":17,"column":4},"end":{"line":19,"column":5}},"6":{"start":{"line":18,"column":8},"end":{"line":18,"column":47}},"7":{"start":{"line":20,"column":4},"end":{"line":20,"column":16}},"8":{"start":{"line":23,"column":0},"end":{"line":23,"column":27}}},"fnMap":{"0":{"name":"theFilter","decl":{"start":{"line":9,"column":9},"end":{"line":9,"column":18}},"loc":{"start":{"line":9,"column":38},"end":{"line":21,"column":1}},"line":9}},"branchMap":{"0":{"loc":{"start":{"line":9,"column":19},"end":{"line":9,"column":36}},"type":"default-arg","locations":[{"start":{"line":9,"column":26},"end":{"line":9,"column":36}}],"line":9},"1":{"loc":{"start":{"line":11,"column":4},"end":{"line":13,"column":5}},"type":"if","locations":[{"start":{"line":11,"column":4},"end":{"line":13,"column":5}},{"start":{},"end":{}}],"line":11},"2":{"loc":{"start":{"line":14,"column":4},"end":{"line":16,"column":5}},"type":"if","locations":[{"start":{"line":14,"column":4},"end":{"line":16,"column":5}},{"start":{},"end":{}}],"line":14},"3":{"loc":{"start":{"line":17,"column":4},"end":{"line":19,"column":5}},"type":"if","locations":[{"start":{"line":17,"column":4},"end":{"line":19,"column":5}},{"start":{},"end":{}}],"line":17}},"s":{"0":4,"1":4,"2":1,"3":4,"4":1,"5":4,"6":0,"7":4,"8":1},"f":{"0":4},"b":{"0":[1],"1":[1,3],"2":[1,3],"3":[0,4]},"_coverageSchema":"1a1c01bbd47fc00a2c39e90264f33305004495a9","hash":"84a9eee792a2d0dc08e10f9029c22fe1bea3fab1"}
,"D:\\My_All_Work\\elzero web school\\front end developer\\unitTesting-Jest\\training\\one\\mock.js": {"path":"D:\\My_All_Work\\elzero web school\\front end developer\\unitTesting-Jest\\training\\one\\mock.js","statementMap":{"0":{"start":{"line":2,"column":4},"end":{"line":2,"column":27}},"1":{"start":{"line":5,"column":0},"end":{"line":5,"column":26}}},"fnMap":{"0":{"name":"sayHello","decl":{"start":{"line":1,"column":9},"end":{"line":1,"column":17}},"loc":{"start":{"line":1,"column":24},"end":{"line":3,"column":1}},"line":1}},"branchMap":{},"s":{"0":1,"1":1},"f":{"0":1},"b":{},"_coverageSchema":"1a1c01bbd47fc00a2c39e90264f33305004495a9","hash":"1bb49bee2854608e1ff6f3d9119365d7fab8abc4"}
,"D:\\My_All_Work\\elzero web school\\front end developer\\unitTesting-Jest\\training\\one\\say.js": {"path":"D:\\My_All_Work\\elzero web school\\front end developer\\unitTesting-Jest\\training\\one\\say.js","statementMap":{"0":{"start":{"line":2,"column":4},"end":{"line":2,"column":24}},"1":{"start":{"line":5,"column":0},"end":{"line":5,"column":26}}},"fnMap":{"0":{"name":"sayHello","decl":{"start":{"line":1,"column":9},"end":{"line":1,"column":17}},"loc":{"start":{"line":1,"column":20},"end":{"line":3,"column":1}},"line":1}},"branchMap":{},"s":{"0":1,"1":1},"f":{"0":1},"b":{},"_coverageSchema":"1a1c01bbd47fc00a2c39e90264f33305004495a9","hash":"33a4e37c3a3cad30a1f797ec16668bf09019f971"}
,"D:\\My_All_Work\\elzero web school\\front end developer\\unitTesting-Jest\\training\\one\\sum.js": {"path":"D:\\My_All_Work\\elzero web school\\front end developer\\unitTesting-Jest\\training\\one\\sum.js","statementMap":{"0":{"start":{"line":1,"column":13},"end":{"line":1,"column":73}},"1":{"start":{"line":1,"column":29},"end":{"line":1,"column":73}},"2":{"start":{"line":1,"column":59},"end":{"line":1,"column":69}},"3":{"start":{"line":3,"column":0},"end":{"line":3,"column":24}}},"fnMap":{"0":{"name":"(anonymous_0)","decl":{"start":{"line":1,"column":13},"end":{"line":1,"column":14}},"loc":{"start":{"line":1,"column":29},"end":{"line":1,"column":73}},"line":1},"1":{"name":"(anonymous_1)","decl":{"start":{"line":1,"column":44},"end":{"line":1,"column":45}},"loc":{"start":{"line":1,"column":59},"end":{"line":1,"column":69}},"line":1}},"branchMap":{},"s":{"0":1,"1":2,"2":5,"3":1},"f":{"0":2,"1":5},"b":{},"_coverageSchema":"1a1c01bbd47fc00a2c39e90264f33305004495a9","hash":"43a94a863bb972e3a72e90eea4f85b60355ea7f2"}
}
