TN:
SF:all.js
FNF:0
FNH:0
DA:1,1
DA:3,1
LF:2
LH:2
BRF:0
BRH:0
end_of_record
TN:
SF:input.js
FN:9,theFilter
FNF:1
FNH:1
FNDA:4,theFilter
DA:10,4
DA:11,4
DA:12,1
DA:14,4
DA:15,1
DA:17,4
DA:18,0
DA:20,4
DA:23,1
LF:9
LH:8
BRDA:9,0,0,1
BRDA:11,1,0,1
BRDA:11,1,1,3
BRDA:14,2,0,1
BRDA:14,2,1,3
BRDA:17,3,0,0
BRDA:17,3,1,4
BRF:7
BRH:6
end_of_record
TN:
SF:mock.js
FN:1,sayHello
FNF:1
FNH:1
FNDA:1,sayHello
DA:2,1
DA:5,1
LF:2
LH:2
BRF:0
BRH:0
end_of_record
TN:
SF:say.js
FN:1,sayHello
FNF:1
FNH:1
FNDA:1,sayHello
DA:2,1
DA:5,1
LF:2
LH:2
BRF:0
BRH:0
end_of_record
TN:
SF:sum.js
FN:1,(anonymous_0)
FN:1,(anonymous_1)
FNF:2
FNH:2
FNDA:2,(anonymous_0)
FNDA:5,(anonymous_1)
DA:1,5
DA:3,1
LF:2
LH:2
BRF:0
BRH:0
end_of_record
